  ConsoleApplication1.cpp
C:\Users\kulma\libtorch\include\c10\macros\Macros.h(156,11): error C2429: для функция языка "nested-namespace-definition" нужен флаг компилятора "/std:c++17" 
  (компиляция исходного файла "ConsoleApplication1.cpp")
  
C:\Users\kulma\libtorch\include\c10\macros\Macros.h(157,11): error C2429: для функция языка "nested-namespace-definition" нужен флаг компилятора "/std:c++17" 
  (компиляция исходного файла "ConsoleApplication1.cpp")
  
C:\Users\kulma\libtorch\include\c10\macros\Macros.h(158,11): error C2429: для функция языка "nested-namespace-definition" нужен флаг компилятора "/std:c++17" 
  (компиляция исходного файла "ConsoleApplication1.cpp")
  
C:\Users\kulma\libtorch\include\c10\macros\Macros.h(170,11): error C2429: для функция языка "nested-namespace-definition" нужен флаг компилятора "/std:c++17" 
  (компиляция исходного файла "ConsoleApplication1.cpp")
  
C:\Users\kulma\libtorch\include\c10\macros\Macros.h(182,11): error C2429: для функция языка "nested-namespace-definition" нужен флаг компилятора "/std:c++17" 
  (компиляция исходного файла "ConsoleApplication1.cpp")
  
C:\Users\kulma\libtorch\include\c10\macros\Macros.h(186,11): error C2429: для функция языка "nested-namespace-definition" нужен флаг компилятора "/std:c++17" 
  (компиляция исходного файла "ConsoleApplication1.cpp")
  
C:\Program Files\Microsoft Visual Studio\2022\Community\VC\Tools\MSVC\14.41.34120\include\string_view(12): warning STL4038: The contents of <string_view> are available only with C++17 or later.
C:\Users\kulma\libtorch\include\c10\util\string_view.h(580,27): error C2187: синтаксическая ошибка: непредвиденный здесь элемент "::"
  (компиляция исходного файла "ConsoleApplication1.cpp")
  
C:\Users\kulma\libtorch\include\c10\util\string_view.h(580,51): error C3878: синтаксическая ошибка: непредвиденный токен "<" после "alias_declaration"
  (компиляция исходного файла "ConsoleApplication1.cpp")
  
C:\Users\kulma\libtorch\include\c10\util\string_view.h(580,51): message : пропущено восстановление ошибки: "<"
  (компиляция исходного файла "ConsoleApplication1.cpp")
  
C:\Users\kulma\libtorch\include\c10\util\string_view.h(580,57): error C2760: синтаксическая ошибка: непредвиденный элемент ">". Ожидается "объявление"
  (компиляция исходного файла "ConsoleApplication1.cpp")
  
C:\Users\kulma\libtorch\include\c10\util\string_view.h(605,29): error C2187: синтаксическая ошибка: непредвиденный здесь элемент "::"
  (компиляция исходного файла "ConsoleApplication1.cpp")
      C:\Users\kulma\libtorch\include\c10\util\string_view.h(605,29):
      контекст создания экземпляра шаблона (сначала самый старый)
          C:\Users\kulma\libtorch\include\c10\util\string_view.h(597,8):
          при компиляции частичной специализации шаблона класса "std::hash<c10::basic_string_view<CharT>>"
  
C:\Users\kulma\libtorch\include\c10\util\string_view.h(605,53): error C3878: синтаксическая ошибка: непредвиденный токен "<" после "alias_declaration"
  (компиляция исходного файла "ConsoleApplication1.cpp")
  
C:\Users\kulma\libtorch\include\c10\util\string_view.h(605,53): message : пропущено восстановление ошибки: "<"
  (компиляция исходного файла "ConsoleApplication1.cpp")
  
C:\Program Files\Microsoft Visual Studio\2022\Community\VC\Tools\MSVC\14.41.34120\include\variant(12): warning STL4038: The contents of <variant> are available only with C++17 or later.
C:\Users\kulma\libtorch\include\c10\util\string_view.h(605,59): error C2760: синтаксическая ошибка: непредвиденный элемент ">". Ожидается "объявление"
  (компиляция исходного файла "ConsoleApplication1.cpp")
  
C:\Users\kulma\libtorch\include\c10\util\Exception.h(30,35): warning C4275: class "std::exception", не являющийся dll-интерфейсом, использован в качестве базового для dll-интерфейса class "c10::Error"
  (компиляция исходного файла "ConsoleApplication1.cpp")
      C:\Program Files\Microsoft Visual Studio\2022\Community\VC\Tools\MSVC\14.41.34120\include\vcruntime_exception.h(49,24):
       см. объявление "std::exception"
      C:\Users\kulma\libtorch\include\c10\util\Exception.h(30,15):
       см. объявление "c10::Error"
  
C:\Users\kulma\libtorch\include\c10\util\Exception.h(33,15): warning C4251: "c10::Error::msg_": "std::basic_string<char,std::char_traits<char>,std::allocator<char>>" должен иметь dll-интерфейс для использования клиентами "c10::Error"
  (компиляция исходного файла "ConsoleApplication1.cpp")
      C:\Program Files\Microsoft Visual Studio\2022\Community\VC\Tools\MSVC\14.41.34120\include\xstring(527,7):
       см. объявление "std::basic_string<char,std::char_traits<char>,std::allocator<char>>"
  
C:\Users\kulma\libtorch\include\c10\util\Exception.h(38,28): warning C4251: "c10::Error::context_": "std::vector<std::string,std::allocator<std::string>>" должен иметь dll-интерфейс для использования клиентами "c10::Error"
  (компиляция исходного файла "ConsoleApplication1.cpp")
      C:\Program Files\Microsoft Visual Studio\2022\Community\VC\Tools\MSVC\14.41.34120\include\vector(429,7):
       см. объявление "std::vector<std::string,std::allocator<std::string>>"
  
C:\Users\kulma\libtorch\include\c10\util\Exception.h(43,13): warning C4251: "c10::Error::backtrace_": "std::shared_ptr<const c10::LazyValue<std::string>>" должен иметь dll-интерфейс для использования клиентами "c10::Error"
  (компиляция исходного файла "ConsoleApplication1.cpp")
      C:\Program Files\Microsoft Visual Studio\2022\Community\VC\Tools\MSVC\14.41.34120\include\memory(1560,7):
       см. объявление "std::shared_ptr<const c10::LazyValue<std::string>>"
  
C:\Users\kulma\libtorch\include\c10\util\Exception.h(50,39): warning C4251: "c10::Error::what_": "c10::OptimisticLazy<std::string>" должен иметь dll-интерфейс для использования клиентами "c10::Error"
  (компиляция исходного файла "ConsoleApplication1.cpp")
      C:\Users\kulma\libtorch\include\c10\util\Lazy.h(17,7):
       см. объявление "c10::OptimisticLazy<std::string>"
  
C:\Users\kulma\libtorch\include\c10\util\Exception.h(51,15): warning C4251: "c10::Error::what_without_backtrace_": "std::basic_string<char,std::char_traits<char>,std::allocator<char>>" должен иметь dll-интерфейс для использования клиентами "c10::Error"
  (компиляция исходного файла "ConsoleApplication1.cpp")
      C:\Program Files\Microsoft Visual Studio\2022\Community\VC\Tools\MSVC\14.41.34120\include\xstring(527,7):
       см. объявление "std::basic_string<char,std::char_traits<char>,std::allocator<char>>"
  
C:\Users\kulma\libtorch\include\c10\util\Exception.h(122,34): error C2039: "variant": не является членом "std".
  (компиляция исходного файла "ConsoleApplication1.cpp")
      C:\Program Files\Microsoft Visual Studio\2022\Community\VC\Tools\MSVC\14.41.34120\include\vector(29,1):
       см. объявление "std"
  
C:\Users\kulma\libtorch\include\c10\util\Exception.h(122,34): error C2061: синтаксическая ошибка: идентификатор "variant"
  (компиляция исходного файла "ConsoleApplication1.cpp")
  
C:\Users\kulma\libtorch\include\c10\util\Exception.h(125,7): error C2061: синтаксическая ошибка: идентификатор "warning_variant_t"
  (компиляция исходного файла "ConsoleApplication1.cpp")
  
C:\Users\kulma\libtorch\include\c10\util\Exception.h(131,7): error C2061: синтаксическая ошибка: идентификатор "warning_variant_t"
  (компиляция исходного файла "ConsoleApplication1.cpp")
  
C:\Users\kulma\libtorch\include\c10\util\Exception.h(130,3): error C2535: c10::Warning::Warning(void): функция-член уже определена или объявлена
  (компиляция исходного файла "ConsoleApplication1.cpp")
      C:\Users\kulma\libtorch\include\c10\util\Exception.h(124,3):
       см. объявление "c10::Warning::Warning"
  
C:\Users\kulma\libtorch\include\c10\util\Exception.h(137,7): error C2061: синтаксическая ошибка: идентификатор "warning_variant_t"
  (компиляция исходного файла "ConsoleApplication1.cpp")
  
C:\Users\kulma\libtorch\include\c10\util\Exception.h(136,3): error C2535: c10::Warning::Warning(void): функция-член уже определена или объявлена
  (компиляция исходного файла "ConsoleApplication1.cpp")
      C:\Users\kulma\libtorch\include\c10\util\Exception.h(124,3):
       см. объявление "c10::Warning::Warning"
  
C:\Users\kulma\libtorch\include\c10\util\Exception.h(143,21): error C3646: type: неизвестный спецификатор переопределения
  (компиляция исходного файла "ConsoleApplication1.cpp")
  
C:\Users\kulma\libtorch\include\c10\util\Exception.h(143,25): error C2059: синтаксическая ошибка: (
  (компиляция исходного файла "ConsoleApplication1.cpp")
  
C:\Users\kulma\libtorch\include\c10\util\Exception.h(143,33): error C2238: непредвиденные лексемы перед ";"
  (компиляция исходного файла "ConsoleApplication1.cpp")
  
C:\Users\kulma\libtorch\include\c10\util\Exception.h(150,21): error C3646: type_: неизвестный спецификатор переопределения
  (компиляция исходного файла "ConsoleApplication1.cpp")
  
C:\Users\kulma\libtorch\include\c10\util\Exception.h(150,3): error C4430: отсутствует спецификатор типа - предполагается int. Примечание. C++ не поддерживает int по умолчанию
  (компиляция исходного файла "ConsoleApplication1.cpp")
  
C:\Users\kulma\libtorch\include\c10\util\Exception.h(156,15): warning C4251: "c10::Warning::msg_": "std::basic_string<char,std::char_traits<char>,std::allocator<char>>" должен иметь dll-интерфейс для использования клиентами "c10::Warning"
  (компиляция исходного файла "ConsoleApplication1.cpp")
      C:\Program Files\Microsoft Visual Studio\2022\Community\VC\Tools\MSVC\14.41.34120\include\xstring(527,7):
       см. объявление "std::basic_string<char,std::char_traits<char>,std::allocator<char>>"
  
C:\Users\kulma\libtorch\include\c10\util\Exception.h(453,11): error C2429: для функция языка "nested-namespace-definition" нужен флаг компилятора "/std:c++17" 
  (компиляция исходного файла "ConsoleApplication1.cpp")
  
C:\Users\kulma\libtorch\include\c10\util\Exception.h(482,11): error C2429: для функция языка "nested-namespace-definition" нужен флаг компилятора "/std:c++17" 
  (компиляция исходного файла "ConsoleApplication1.cpp")
  
C:\Users\kulma\libtorch\include\c10\util\Exception.h(649,11): error C2429: для функция языка "nested-namespace-definition" нужен флаг компилятора "/std:c++17" 
  (компиляция исходного файла "ConsoleApplication1.cpp")
  
C:\Users\kulma\libtorch\include\c10\util\TypeTraits.h(6,11): error C2429: для функция языка "nested-namespace-definition" нужен флаг компилятора "/std:c++17" 
  (компиляция исходного файла "ConsoleApplication1.cpp")
  
C:\Users\kulma\libtorch\include\c10\util\TypeList.h(10,11): error C2429: для функция языка "nested-namespace-definition" нужен флаг компилятора "/std:c++17" 
  (компиляция исходного файла "ConsoleApplication1.cpp")
  
C:\Users\kulma\libtorch\include\c10\util\Metaprogramming.h(6,11): error C2429: для функция языка "nested-namespace-definition" нужен флаг компилятора "/std:c++17" 
  (компиляция исходного файла "ConsoleApplication1.cpp")
  
C:\Users\kulma\libtorch\include\c10\util\llvmMathExtras.h(59,11): error C2429: для функция языка "nested-namespace-definition" нужен флаг компилятора "/std:c++17" 
  (компиляция исходного файла "ConsoleApplication1.cpp")
  
C:\Users\kulma\libtorch\include\c10\core\DispatchKeySet.h(442,15): warning C4267: return: преобразование из "size_t" в "uint8_t"; возможна потеря данных
  (компиляция исходного файла "ConsoleApplication1.cpp")
  
C:\Users\kulma\libtorch\include\c10\util\SmallVector.h(246,5): warning C4984: "if constexpr" — расширение языка C++17
  (компиляция исходного файла "ConsoleApplication1.cpp")
      C:\Users\kulma\libtorch\include\c10\util\SmallVector.h(236,19):
      Сообщение диагностики возникло в созданной компилятором функции "const T *c10::SmallVectorTemplateCommon<T,<unnamed-symbol>>::reserveForParamAndGetAddressImpl(U *,const T &,size_t)"
      C:\Users\kulma\libtorch\include\c10\util\SmallVector.h(246,5):
      контекст создания экземпляра шаблона (сначала самый старый)
          C:\Users\kulma\libtorch\include\c10\util\SmallVector.h(121,7):
          при компиляции шаблона класса "c10::SmallVectorTemplateCommon"
  
C:\Users\kulma\libtorch\include\c10\util\BFloat16-inl.h(216,36): warning C4244: аргумент: преобразование "int" в "float", возможна потеря данных
  (компиляция исходного файла "ConsoleApplication1.cpp")
  
C:\Users\kulma\libtorch\include\c10\util\BFloat16-inl.h(219,36): warning C4244: аргумент: преобразование "int" в "float", возможна потеря данных
  (компиляция исходного файла "ConsoleApplication1.cpp")
  
C:\Users\kulma\libtorch\include\c10\util\BFloat16-inl.h(222,36): warning C4244: аргумент: преобразование "int" в "float", возможна потеря данных
  (компиляция исходного файла "ConsoleApplication1.cpp")
  
C:\Users\kulma\libtorch\include\c10\util\BFloat16-inl.h(225,36): warning C4244: аргумент: преобразование "int" в "float", возможна потеря данных
  (компиляция исходного файла "ConsoleApplication1.cpp")
  
C:\Users\kulma\libtorch\include\c10\util\BFloat16-inl.h(229,32): warning C4244: аргумент: преобразование "int" в "float", возможна потеря данных
  (компиляция исходного файла "ConsoleApplication1.cpp")
  
C:\Users\kulma\libtorch\include\c10\util\BFloat16-inl.h(232,32): warning C4244: аргумент: преобразование "int" в "float", возможна потеря данных
  (компиляция исходного файла "ConsoleApplication1.cpp")
  
C:\Users\kulma\libtorch\include\c10\util\BFloat16-inl.h(235,32): warning C4244: аргумент: преобразование "int" в "float", возможна потеря данных
  (компиляция исходного файла "ConsoleApplication1.cpp")
  
C:\Users\kulma\libtorch\include\c10\util\BFloat16-inl.h(238,32): warning C4244: аргумент: преобразование "int" в "float", возможна потеря данных
  (компиляция исходного файла "ConsoleApplication1.cpp")
  
C:\Users\kulma\libtorch\include\c10\util\BFloat16-inl.h(244,36): warning C4244: аргумент: преобразование "int64_t" в "float", возможна потеря данных
  (компиляция исходного файла "ConsoleApplication1.cpp")
  
C:\Users\kulma\libtorch\include\c10\util\BFloat16-inl.h(247,36): warning C4244: аргумент: преобразование "int64_t" в "float", возможна потеря данных
  (компиляция исходного файла "ConsoleApplication1.cpp")
  
C:\Users\kulma\libtorch\include\c10\util\BFloat16-inl.h(250,36): warning C4244: аргумент: преобразование "int64_t" в "float", возможна потеря данных
  (компиляция исходного файла "ConsoleApplication1.cpp")
  
C:\Users\kulma\libtorch\include\c10\util\BFloat16-inl.h(253,36): warning C4244: аргумент: преобразование "int64_t" в "float", возможна потеря данных
  (компиляция исходного файла "ConsoleApplication1.cpp")
  
C:\Users\kulma\libtorch\include\c10\util\BFloat16-inl.h(257,32): warning C4244: аргумент: преобразование "int64_t" в "float", возможна потеря данных
  (компиляция исходного файла "ConsoleApplication1.cpp")
  
C:\Users\kulma\libtorch\include\c10\util\BFloat16-inl.h(260,32): warning C4244: аргумент: преобразование "int64_t" в "float", возможна потеря данных
  (компиляция исходного файла "ConsoleApplication1.cpp")
  
C:\Users\kulma\libtorch\include\c10\util\BFloat16-inl.h(263,32): warning C4244: аргумент: преобразование "int64_t" в "float", возможна потеря данных
  (компиляция исходного файла "ConsoleApplication1.cpp")
  
C:\Users\kulma\libtorch\include\c10\util\BFloat16-inl.h(266,32): warning C4244: аргумент: преобразование "int64_t" в "float", возможна потеря данных
  (компиляция исходного файла "ConsoleApplication1.cpp")
  
C:\Users\kulma\libtorch\include\c10\util\floating_point_utils.h(6,11): error C2429: для функция языка "nested-namespace-definition" нужен флаг компилятора "/std:c++17" 
  (компиляция исходного файла "ConsoleApplication1.cpp")
  
C:\Users\kulma\libtorch\include\c10\util\Float8_e4m3fn-inl.h(162,41): warning C4244: аргумент: преобразование "int" в "float", возможна потеря данных
  (компиляция исходного файла "ConsoleApplication1.cpp")
  
C:\Users\kulma\libtorch\include\c10\util\Float8_e4m3fn-inl.h(165,41): warning C4244: аргумент: преобразование "int" в "float", возможна потеря данных
  (компиляция исходного файла "ConsoleApplication1.cpp")
  
C:\Users\kulma\libtorch\include\c10\util\Float8_e4m3fn-inl.h(168,41): warning C4244: аргумент: преобразование "int" в "float", возможна потеря данных
  (компиляция исходного файла "ConsoleApplication1.cpp")
  
C:\Users\kulma\libtorch\include\c10\util\Float8_e4m3fn-inl.h(171,41): warning C4244: аргумент: преобразование "int" в "float", возможна потеря данных
  (компиляция исходного файла "ConsoleApplication1.cpp")
  
C:\Users\kulma\libtorch\include\c10\util\Float8_e4m3fn-inl.h(175,37): warning C4244: аргумент: преобразование "int" в "float", возможна потеря данных
  (компиляция исходного файла "ConsoleApplication1.cpp")
  
C:\Users\kulma\libtorch\include\c10\util\Float8_e4m3fn-inl.h(178,37): warning C4244: аргумент: преобразование "int" в "float", возможна потеря данных
  (компиляция исходного файла "ConsoleApplication1.cpp")
  
C:\Users\kulma\libtorch\include\c10\util\Float8_e4m3fn-inl.h(181,37): warning C4244: аргумент: преобразование "int" в "float", возможна потеря данных
  (компиляция исходного файла "ConsoleApplication1.cpp")
  
C:\Users\kulma\libtorch\include\c10\util\Float8_e4m3fn-inl.h(184,37): warning C4244: аргумент: преобразование "int" в "float", возможна потеря данных
  (компиляция исходного файла "ConsoleApplication1.cpp")
  
C:\Users\kulma\libtorch\include\c10\util\Float8_e4m3fn-inl.h(190,41): warning C4244: аргумент: преобразование "int64_t" в "float", возможна потеря данных
  (компиляция исходного файла "ConsoleApplication1.cpp")
  
C:\Users\kulma\libtorch\include\c10\util\Float8_e4m3fn-inl.h(193,41): warning C4244: аргумент: преобразование "int64_t" в "float", возможна потеря данных
  (компиляция исходного файла "ConsoleApplication1.cpp")
  
C:\Users\kulma\libtorch\include\c10\util\Float8_e4m3fn-inl.h(196,41): warning C4244: аргумент: преобразование "int64_t" в "float", возможна потеря данных
  (компиляция исходного файла "ConsoleApplication1.cpp")
  
C:\Users\kulma\libtorch\include\c10\util\Float8_e4m3fn-inl.h(199,41): warning C4244: аргумент: преобразование "int64_t" в "float", возможна потеря данных
  (компиляция исходного файла "ConsoleApplication1.cpp")
  
C:\Users\kulma\libtorch\include\c10\util\Float8_e4m3fn-inl.h(203,37): warning C4244: аргумент: преобразование "int64_t" в "float", возможна потеря данных
  (компиляция исходного файла "ConsoleApplication1.cpp")
  
C:\Users\kulma\libtorch\include\c10\util\Float8_e4m3fn-inl.h(206,37): warning C4244: аргумент: преобразование "int64_t" в "float", возможна потеря данных
  (компиляция исходного файла "ConsoleApplication1.cpp")
  
C:\Users\kulma\libtorch\include\c10\util\Float8_e4m3fn-inl.h(209,37): warning C4244: аргумент: преобразование "int64_t" в "float", возможна потеря данных
  (компиляция исходного файла "ConsoleApplication1.cpp")
  
C:\Users\kulma\libtorch\include\c10\util\Float8_e4m3fn-inl.h(212,37): warning C4244: аргумент: преобразование "int64_t" в "float", возможна потеря данных
  (компиляция исходного файла "ConsoleApplication1.cpp")
  
C:\Users\kulma\libtorch\include\c10\util\Float8_fnuz_cvt.h(11,11): error C2429: для функция языка "nested-namespace-definition" нужен флаг компилятора "/std:c++17" 
  (компиляция исходного файла "ConsoleApplication1.cpp")
  
C:\Users\kulma\libtorch\include\c10\util\Float8_e4m3fnuz-inl.h(163,43): warning C4244: аргумент: преобразование "int" в "float", возможна потеря данных
  (компиляция исходного файла "ConsoleApplication1.cpp")
  
C:\Users\kulma\libtorch\include\c10\util\Float8_e4m3fnuz-inl.h(166,43): warning C4244: аргумент: преобразование "int" в "float", возможна потеря данных
  (компиляция исходного файла "ConsoleApplication1.cpp")
  
C:\Users\kulma\libtorch\include\c10\util\Float8_e4m3fnuz-inl.h(169,43): warning C4244: аргумент: преобразование "int" в "float", возможна потеря данных
  (компиляция исходного файла "ConsoleApplication1.cpp")
  
C:\Users\kulma\libtorch\include\c10\util\Float8_e4m3fnuz-inl.h(172,43): warning C4244: аргумент: преобразование "int" в "float", возможна потеря данных
  (компиляция исходного файла "ConsoleApplication1.cpp")
  
C:\Users\kulma\libtorch\include\c10\util\Float8_e4m3fnuz-inl.h(176,39): warning C4244: аргумент: преобразование "int" в "float", возможна потеря данных
  (компиляция исходного файла "ConsoleApplication1.cpp")
  
C:\Users\kulma\libtorch\include\c10\util\Float8_e4m3fnuz-inl.h(179,39): warning C4244: аргумент: преобразование "int" в "float", возможна потеря данных
  (компиляция исходного файла "ConsoleApplication1.cpp")
  
C:\Users\kulma\libtorch\include\c10\util\Float8_e4m3fnuz-inl.h(182,39): warning C4244: аргумент: преобразование "int" в "float", возможна потеря данных
  (компиляция исходного файла "ConsoleApplication1.cpp")
  
C:\Users\kulma\libtorch\include\c10\util\Float8_e4m3fnuz-inl.h(185,39): warning C4244: аргумент: преобразование "int" в "float", возможна потеря данных
  (компиляция исходного файла "ConsoleApplication1.cpp")
  
C:\Users\kulma\libtorch\include\c10\util\Float8_e4m3fnuz-inl.h(191,43): warning C4244: аргумент: преобразование "int64_t" в "float", возможна потеря данных
  (компиляция исходного файла "ConsoleApplication1.cpp")
  
C:\Users\kulma\libtorch\include\c10\util\Float8_e4m3fnuz-inl.h(194,43): warning C4244: аргумент: преобразование "int64_t" в "float", возможна потеря данных
  (компиляция исходного файла "ConsoleApplication1.cpp")
  
C:\Users\kulma\libtorch\include\c10\util\Float8_e4m3fnuz-inl.h(197,43): warning C4244: аргумент: преобразование "int64_t" в "float", возможна потеря данных
  (компиляция исходного файла "ConsoleApplication1.cpp")
  
C:\Users\kulma\libtorch\include\c10\util\Float8_e4m3fnuz-inl.h(200,43): warning C4244: аргумент: преобразование "int64_t" в "float", возможна потеря данных
  (компиляция исходного файла "ConsoleApplication1.cpp")
  
C:\Users\kulma\libtorch\include\c10\util\Float8_e4m3fnuz-inl.h(204,39): warning C4244: аргумент: преобразование "int64_t" в "float", возможна потеря данных
  (компиляция исходного файла "ConsoleApplication1.cpp")
  
C:\Users\kulma\libtorch\include\c10\util\Float8_e4m3fnuz-inl.h(207,39): warning C4244: аргумент: преобразование "int64_t" в "float", возможна потеря данных
  (компиляция исходного файла "ConsoleApplication1.cpp")
  
C:\Users\kulma\libtorch\include\c10\util\Float8_e4m3fnuz-inl.h(210,39): warning C4244: аргумент: преобразование "int64_t" в "float", возможна потеря данных
  (компиляция исходного файла "ConsoleApplication1.cpp")
  
C:\Users\kulma\libtorch\include\c10\util\Float8_e4m3fnuz-inl.h(213,39): warning C4244: аргумент: преобразование "int64_t" в "float", возможна потеря данных
  (компиляция исходного файла "ConsoleApplication1.cpp")
  
C:\Users\kulma\libtorch\include\c10\util\Half.h(474,3): warning C4984: "if constexpr" — расширение языка C++17
  (компиляция исходного файла "ConsoleApplication1.cpp")
  
C:\Users\kulma\libtorch\include\c10\util\Half-inl.h(231,32): warning C4244: аргумент: преобразование "int" в "float", возможна потеря данных
  (компиляция исходного файла "ConsoleApplication1.cpp")
  
C:\Users\kulma\libtorch\include\c10\util\Half-inl.h(234,32): warning C4244: аргумент: преобразование "int" в "float", возможна потеря данных
  (компиляция исходного файла "ConsoleApplication1.cpp")
  
C:\Users\kulma\libtorch\include\c10\util\Half-inl.h(237,32): warning C4244: аргумент: преобразование "int" в "float", возможна потеря данных
  (компиляция исходного файла "ConsoleApplication1.cpp")
  
C:\Users\kulma\libtorch\include\c10\util\Half-inl.h(240,32): warning C4244: аргумент: преобразование "int" в "float", возможна потеря данных
  (компиляция исходного файла "ConsoleApplication1.cpp")
  
C:\Users\kulma\libtorch\include\c10\util\Half-inl.h(244,28): warning C4244: аргумент: преобразование "int" в "float", возможна потеря данных
  (компиляция исходного файла "ConsoleApplication1.cpp")
  
C:\Users\kulma\libtorch\include\c10\util\Half-inl.h(247,28): warning C4244: аргумент: преобразование "int" в "float", возможна потеря данных
  (компиляция исходного файла "ConsoleApplication1.cpp")
  
C:\Users\kulma\libtorch\include\c10\util\Half-inl.h(250,28): warning C4244: аргумент: преобразование "int" в "float", возможна потеря данных
  (компиляция исходного файла "ConsoleApplication1.cpp")
  
C:\Users\kulma\libtorch\include\c10\util\Half-inl.h(253,28): warning C4244: аргумент: преобразование "int" в "float", возможна потеря данных
  (компиляция исходного файла "ConsoleApplication1.cpp")
  
C:\Users\kulma\libtorch\include\c10\util\Half-inl.h(259,32): warning C4244: аргумент: преобразование "int64_t" в "float", возможна потеря данных
  (компиляция исходного файла "ConsoleApplication1.cpp")
  
C:\Users\kulma\libtorch\include\c10\util\Half-inl.h(262,32): warning C4244: аргумент: преобразование "int64_t" в "float", возможна потеря данных
  (компиляция исходного файла "ConsoleApplication1.cpp")
  
C:\Users\kulma\libtorch\include\c10\util\Half-inl.h(265,32): warning C4244: аргумент: преобразование "int64_t" в "float", возможна потеря данных
  (компиляция исходного файла "ConsoleApplication1.cpp")
  
C:\Users\kulma\libtorch\include\c10\util\Half-inl.h(268,32): warning C4244: аргумент: преобразование "int64_t" в "float", возможна потеря данных
  (компиляция исходного файла "ConsoleApplication1.cpp")
  
C:\Users\kulma\libtorch\include\c10\util\Half-inl.h(272,28): warning C4244: аргумент: преобразование "int64_t" в "float", возможна потеря данных
  (компиляция исходного файла "ConsoleApplication1.cpp")
  
C:\Users\kulma\libtorch\include\c10\util\Half-inl.h(275,28): warning C4244: аргумент: преобразование "int64_t" в "float", возможна потеря данных
  (компиляция исходного файла "ConsoleApplication1.cpp")
  
C:\Users\kulma\libtorch\include\c10\util\Half-inl.h(278,28): warning C4244: аргумент: преобразование "int64_t" в "float", возможна потеря данных
  (компиляция исходного файла "ConsoleApplication1.cpp")
  
C:\Users\kulma\libtorch\include\c10\util\Half-inl.h(281,28): warning C4244: аргумент: преобразование "int64_t" в "float", возможна потеря данных
  (компиляция исходного файла "ConsoleApplication1.cpp")
  
C:\Users\kulma\libtorch\include\c10\util\Float8_e5m2-inl.h(170,39): warning C4244: аргумент: преобразование "int" в "float", возможна потеря данных
  (компиляция исходного файла "ConsoleApplication1.cpp")
  
C:\Users\kulma\libtorch\include\c10\util\Float8_e5m2-inl.h(173,39): warning C4244: аргумент: преобразование "int" в "float", возможна потеря данных
  (компиляция исходного файла "ConsoleApplication1.cpp")
  
C:\Users\kulma\libtorch\include\c10\util\Float8_e5m2-inl.h(176,39): warning C4244: аргумент: преобразование "int" в "float", возможна потеря данных
  (компиляция исходного файла "ConsoleApplication1.cpp")
  
C:\Users\kulma\libtorch\include\c10\util\Float8_e5m2-inl.h(179,39): warning C4244: аргумент: преобразование "int" в "float", возможна потеря данных
  (компиляция исходного файла "ConsoleApplication1.cpp")
  
C:\Users\kulma\libtorch\include\c10\util\Float8_e5m2-inl.h(183,35): warning C4244: аргумент: преобразование "int" в "float", возможна потеря данных
  (компиляция исходного файла "ConsoleApplication1.cpp")
  
C:\Users\kulma\libtorch\include\c10\util\Float8_e5m2-inl.h(186,35): warning C4244: аргумент: преобразование "int" в "float", возможна потеря данных
  (компиляция исходного файла "ConsoleApplication1.cpp")
  
C:\Users\kulma\libtorch\include\c10\util\Float8_e5m2-inl.h(189,35): warning C4244: аргумент: преобразование "int" в "float", возможна потеря данных
  (компиляция исходного файла "ConsoleApplication1.cpp")
  
C:\Users\kulma\libtorch\include\c10\util\Float8_e5m2-inl.h(192,35): warning C4244: аргумент: преобразование "int" в "float", возможна потеря данных
  (компиляция исходного файла "ConsoleApplication1.cpp")
  
C:\Users\kulma\libtorch\include\c10\util\Float8_e5m2-inl.h(198,39): warning C4244: аргумент: преобразование "int64_t" в "float", возможна потеря данных
  (компиляция исходного файла "ConsoleApplication1.cpp")
  
C:\Users\kulma\libtorch\include\c10\util\Float8_e5m2-inl.h(201,39): warning C4244: аргумент: преобразование "int64_t" в "float", возможна потеря данных
  (компиляция исходного файла "ConsoleApplication1.cpp")
  
C:\Users\kulma\libtorch\include\c10\util\Float8_e5m2-inl.h(204,39): warning C4244: аргумент: преобразование "int64_t" в "float", возможна потеря данных
  (компиляция исходного файла "ConsoleApplication1.cpp")
  
C:\Users\kulma\libtorch\include\c10\util\Float8_e5m2-inl.h(207,39): warning C4244: аргумент: преобразование "int64_t" в "float", возможна потеря данных
  (компиляция исходного файла "ConsoleApplication1.cpp")
  
C:\Users\kulma\libtorch\include\c10\util\Float8_e5m2-inl.h(211,35): warning C4244: аргумент: преобразование "int64_t" в "float", возможна потеря данных
  (компиляция исходного файла "ConsoleApplication1.cpp")
  
C:\Users\kulma\libtorch\include\c10\util\Float8_e5m2-inl.h(214,35): warning C4244: аргумент: преобразование "int64_t" в "float", возможна потеря данных
  (компиляция исходного файла "ConsoleApplication1.cpp")
  
C:\Users\kulma\libtorch\include\c10\util\Float8_e5m2-inl.h(217,35): warning C4244: аргумент: преобразование "int64_t" в "float", возможна потеря данных
  (компиляция исходного файла "ConsoleApplication1.cpp")
  
C:\Users\kulma\libtorch\include\c10\util\Float8_e5m2-inl.h(220,35): warning C4244: аргумент: преобразование "int64_t" в "float", возможна потеря данных
  (компиляция исходного файла "ConsoleApplication1.cpp")
  
C:\Users\kulma\libtorch\include\c10\util\Float8_e5m2fnuz-inl.h(167,43): warning C4244: аргумент: преобразование "int" в "float", возможна потеря данных
  (компиляция исходного файла "ConsoleApplication1.cpp")
  
C:\Users\kulma\libtorch\include\c10\util\Float8_e5m2fnuz-inl.h(170,43): warning C4244: аргумент: преобразование "int" в "float", возможна потеря данных
  (компиляция исходного файла "ConsoleApplication1.cpp")
  
C:\Users\kulma\libtorch\include\c10\util\Float8_e5m2fnuz-inl.h(173,43): warning C4244: аргумент: преобразование "int" в "float", возможна потеря данных
  (компиляция исходного файла "ConsoleApplication1.cpp")
  
C:\Users\kulma\libtorch\include\c10\util\Float8_e5m2fnuz-inl.h(176,43): warning C4244: аргумент: преобразование "int" в "float", возможна потеря данных
  (компиляция исходного файла "ConsoleApplication1.cpp")
  
C:\Users\kulma\libtorch\include\c10\util\Float8_e5m2fnuz-inl.h(180,39): warning C4244: аргумент: преобразование "int" в "float", возможна потеря данных
  (компиляция исходного файла "ConsoleApplication1.cpp")
  
C:\Users\kulma\libtorch\include\c10\util\Float8_e5m2fnuz-inl.h(183,39): warning C4244: аргумент: преобразование "int" в "float", возможна потеря данных
  (компиляция исходного файла "ConsoleApplication1.cpp")
  
C:\Users\kulma\libtorch\include\c10\util\Float8_e5m2fnuz-inl.h(186,39): warning C4244: аргумент: преобразование "int" в "float", возможна потеря данных
  (компиляция исходного файла "ConsoleApplication1.cpp")
  
C:\Users\kulma\libtorch\include\c10\util\Float8_e5m2fnuz-inl.h(189,39): warning C4244: аргумент: преобразование "int" в "float", возможна потеря данных
  (компиляция исходного файла "ConsoleApplication1.cpp")
  
C:\Users\kulma\libtorch\include\c10\util\Float8_e5m2fnuz-inl.h(195,43): warning C4244: аргумент: преобразование "int64_t" в "float", возможна потеря данных
  (компиляция исходного файла "ConsoleApplication1.cpp")
  
C:\Users\kulma\libtorch\include\c10\util\Float8_e5m2fnuz-inl.h(198,43): warning C4244: аргумент: преобразование "int64_t" в "float", возможна потеря данных
  (компиляция исходного файла "ConsoleApplication1.cpp")
  
C:\Users\kulma\libtorch\include\c10\util\Float8_e5m2fnuz-inl.h(201,43): warning C4244: аргумент: преобразование "int64_t" в "float", возможна потеря данных
  (компиляция исходного файла "ConsoleApplication1.cpp")
  
C:\Users\kulma\libtorch\include\c10\util\Float8_e5m2fnuz-inl.h(204,43): warning C4244: аргумент: преобразование "int64_t" в "float", возможна потеря данных
  (компиляция исходного файла "ConsoleApplication1.cpp")
  
C:\Users\kulma\libtorch\include\c10\util\Float8_e5m2fnuz-inl.h(208,39): warning C4244: аргумент: преобразование "int64_t" в "float", возможна потеря данных
  (компиляция исходного файла "ConsoleApplication1.cpp")
  
C:\Users\kulma\libtorch\include\c10\util\Float8_e5m2fnuz-inl.h(211,39): warning C4244: аргумент: преобразование "int64_t" в "float", возможна потеря данных
  (компиляция исходного файла "ConsoleApplication1.cpp")
  
C:\Users\kulma\libtorch\include\c10\util\Float8_e5m2fnuz-inl.h(214,39): warning C4244: аргумент: преобразование "int64_t" в "float", возможна потеря данных
  (компиляция исходного файла "ConsoleApplication1.cpp")
  
C:\Users\kulma\libtorch\include\c10\util\Float8_e5m2fnuz-inl.h(217,39): warning C4244: аргумент: преобразование "int64_t" в "float", возможна потеря данных
  (компиляция исходного файла "ConsoleApplication1.cpp")
  
C:\Users\kulma\libtorch\include\c10\core\ScalarType.h(418,7): warning C5051: для атрибута [[fallthrough]] требуется не менее "/std:c++17", он игнорируется
  (компиляция исходного файла "ConsoleApplication1.cpp")
  
C:\Program Files\Microsoft Visual Studio\2022\Community\VC\Tools\MSVC\14.41.34120\include\optional(11): warning STL4038: The contents of <optional> are available only with C++17 or later.
C:\Users\kulma\libtorch\include\c10\util\Optional.h(13,12): error C2039: "bad_optional_access": не является членом "std".
  (компиляция исходного файла "ConsoleApplication1.cpp")
      C:\Users\kulma\libtorch\include\c10\util\Float8_e5m2fnuz-inl.h(225,11):
       см. объявление "std"
  
C:\Users\kulma\libtorch\include\c10\util\Optional.h(13,1): error C2873: bad_optional_access: использование символа в "using"-объявлении не допускается
  (компиляция исходного файла "ConsoleApplication1.cpp")
  
C:\Users\kulma\libtorch\include\c10\util\Optional.h(15,12): error C2039: "make_optional": не является членом "std".
  (компиляция исходного файла "ConsoleApplication1.cpp")
      C:\Users\kulma\libtorch\include\c10\util\Float8_e5m2fnuz-inl.h(225,11):
       см. объявление "std"
  
C:\Users\kulma\libtorch\include\c10\util\Optional.h(15,1): error C2873: make_optional: использование символа в "using"-объявлении не допускается
  (компиляция исходного файла "ConsoleApplication1.cpp")
  
C:\Users\kulma\libtorch\include\c10\util\Optional.h(17,12): error C2039: "nullopt": не является членом "std".
  (компиляция исходного файла "ConsoleApplication1.cpp")
      C:\Users\kulma\libtorch\include\c10\util\Float8_e5m2fnuz-inl.h(225,11):
       см. объявление "std"
  
C:\Users\kulma\libtorch\include\c10\util\Optional.h(17,1): error C2873: nullopt: использование символа в "using"-объявлении не допускается
  (компиляция исходного файла "ConsoleApplication1.cpp")
  
C:\Users\kulma\libtorch\include\c10\util\Optional.h(19,12): error C2039: "nullopt_t": не является членом "std".
  (компиляция исходного файла "ConsoleApplication1.cpp")
      C:\Users\kulma\libtorch\include\c10\util\Float8_e5m2fnuz-inl.h(225,11):
       см. объявление "std"
  
C:\Users\kulma\libtorch\include\c10\util\Optional.h(19,1): error C2873: nullopt_t: использование символа в "using"-объявлении не допускается
  (компиляция исходного файла "ConsoleApplication1.cpp")
  
C:\Users\kulma\libtorch\include\c10\util\Optional.h(21,12): error C2039: "optional": не является членом "std".
  (компиляция исходного файла "ConsoleApplication1.cpp")
      C:\Users\kulma\libtorch\include\c10\util\Float8_e5m2fnuz-inl.h(225,11):
       см. объявление "std"
  
C:\Users\kulma\libtorch\include\c10\util\Optional.h(21,1): error C2873: optional: использование символа в "using"-объявлении не допускается
  (компиляция исходного файла "ConsoleApplication1.cpp")
  
C:\Users\kulma\libtorch\include\c10\util\Optional.h(32,27): error C4430: отсутствует спецификатор типа - предполагается int. Примечание. C++ не поддерживает int по умолчанию
  (компиляция исходного файла "ConsoleApplication1.cpp")
  
C:\Users\kulma\libtorch\include\c10\util\Optional.h(32,41): error C2988: неопознанное объявление или определение шаблона
  (компиляция исходного файла "ConsoleApplication1.cpp")
  
C:\Users\kulma\libtorch\include\c10\util\Optional.h(32,41): error C2143: синтаксическая ошибка: отсутствие "," перед "<"
  (компиляция исходного файла "ConsoleApplication1.cpp")
  
C:\Users\kulma\libtorch\include\c10\util\Optional.h(34,63): error C2760: синтаксическая ошибка: непредвиденный элемент "T". Ожидается "выражение"
  (компиляция исходного файла "ConsoleApplication1.cpp")
  
C:\Users\kulma\libtorch\include\c10\util\Optional.h(34,64): error C3878: синтаксическая ошибка: непредвиденный токен ">" после "static_assert_declaration"
  (компиляция исходного файла "ConsoleApplication1.cpp")
  
C:\Users\kulma\libtorch\include\c10\util\Optional.h(34,64): message : пропущено восстановление ошибки: "> ,"
  (компиляция исходного файла "ConsoleApplication1.cpp")
  
C:\Users\kulma\libtorch\include\c10\util\Optional.h(35,111): error C2760: синтаксическая ошибка: непредвиденный элемент ")". Ожидается ";"
  (компиляция исходного файла "ConsoleApplication1.cpp")
  
C:\Users\kulma\libtorch\include\c10\util\Optional.h(35,111): error C3878: синтаксическая ошибка: непредвиденный токен ")" после "expression_statement"
  (компиляция исходного файла "ConsoleApplication1.cpp")
  
C:\Users\kulma\libtorch\include\c10\util\Optional.h(35,111): message : пропущено восстановление ошибки: ")"
  (компиляция исходного файла "ConsoleApplication1.cpp")
  
C:\Users\kulma\libtorch\include\c10\util\Optional.h(36,10): error C2065: v: необъявленный идентификатор
  (компиляция исходного файла "ConsoleApplication1.cpp")
  
C:\Users\kulma\libtorch\include\c10\util\Optional.h(36,27): error C2065: v: необъявленный идентификатор
  (компиляция исходного файла "ConsoleApplication1.cpp")
  
C:\Users\kulma\libtorch\include\c10\util\Optional.h(36,67): error C2065: func: необъявленный идентификатор
  (компиляция исходного файла "ConsoleApplication1.cpp")
  
C:\Users\kulma\libtorch\include\c10\util\Optional.h(40,13): error C2365: c10::value_or_else: переопределение; предыдущим определением было "функция"
  (компиляция исходного файла "ConsoleApplication1.cpp")
      C:\Users\kulma\libtorch\include\c10\util\Optional.h(32,13):
       см. объявление "c10::value_or_else"
  
C:\Users\kulma\libtorch\include\c10\util\Optional.h(40,27): error C2065: optional: необъявленный идентификатор
  (компиляция исходного файла "ConsoleApplication1.cpp")
  
C:\Users\kulma\libtorch\include\c10\util\Optional.h(40,38): error C2988: неопознанное объявление или определение шаблона
  (компиляция исходного файла "ConsoleApplication1.cpp")
  
C:\Users\kulma\libtorch\include\c10\util\Optional.h(40,38): error C2059: синтаксическая ошибка: &&
  (компиляция исходного файла "ConsoleApplication1.cpp")
  
C:\Users\kulma\libtorch\include\c10\util\Optional.h(40,54): error C2143: синтаксическая ошибка: отсутствие ";" перед "{"
  (компиляция исходного файла "ConsoleApplication1.cpp")
  
C:\Users\kulma\libtorch\include\c10\util\Optional.h(40,54): error C2447: {: отсутствует заголовок функции (возможно, используется формальный список старого типа)
  (компиляция исходного файла "ConsoleApplication1.cpp")
  
C:\Users\kulma\libtorch\include\c10\util\MaybeOwned.h(85,28): error C2039: "in_place_t": не является членом "std".
  (компиляция исходного файла "ConsoleApplication1.cpp")
      C:\Users\kulma\libtorch\include\c10\util\Float8_e5m2fnuz-inl.h(225,11):
       см. объявление "std"
      C:\Users\kulma\libtorch\include\c10\util\MaybeOwned.h(85,28):
      контекст создания экземпляра шаблона (сначала самый старый)
          C:\Users\kulma\libtorch\include\c10\util\MaybeOwned.h(65,7):
          при компиляции шаблона класса "c10::MaybeOwned"
  
C:\Users\kulma\libtorch\include\c10\util\MaybeOwned.h(85,28): error C2061: синтаксическая ошибка: идентификатор "in_place_t"
  (компиляция исходного файла "ConsoleApplication1.cpp")
  
C:\Users\kulma\libtorch\include\c10\util\MaybeOwned.h(180,32): error C2039: "in_place_t": не является членом "std".
  (компиляция исходного файла "ConsoleApplication1.cpp")
      C:\Users\kulma\libtorch\include\c10\util\Float8_e5m2fnuz-inl.h(225,11):
       см. объявление "std"
  
C:\Users\kulma\libtorch\include\c10\util\MaybeOwned.h(180,32): error C2061: синтаксическая ошибка: идентификатор "in_place_t"
  (компиляция исходного файла "ConsoleApplication1.cpp")
  
C:\Users\kulma\libtorch\include\c10\util\MaybeOwned.h(86,53): error C3861: args: идентификатор не найден
  (компиляция исходного файла "ConsoleApplication1.cpp")
      C:\Users\kulma\libtorch\include\c10\util\MaybeOwned.h(85,3):
      Сообщение диагностики возникло в созданной компилятором функции "c10::MaybeOwned<T>::MaybeOwned(void)"
  
C:\Users\kulma\libtorch\include\c10\util\MaybeOwned.h(86,53): error C2065: args: необъявленный идентификатор
  (компиляция исходного файла "ConsoleApplication1.cpp")
      C:\Users\kulma\libtorch\include\c10\util\MaybeOwned.h(85,3):
      Сообщение диагностики возникло в созданной компилятором функции "c10::MaybeOwned<T>::MaybeOwned(void)"
  
C:\Users\kulma\libtorch\include\c10\util\MaybeOwned.h(181,28): error C2039: "in_place": не является членом "std".
  (компиляция исходного файла "ConsoleApplication1.cpp")
      C:\Users\kulma\libtorch\include\c10\util\Float8_e5m2fnuz-inl.h(225,11):
       см. объявление "std"
      C:\Users\kulma\libtorch\include\c10\util\MaybeOwned.h(180,21):
      Сообщение диагностики возникло в созданной компилятором функции "c10::MaybeOwned<T> c10::MaybeOwned<T>::owned(void)"
  
C:\Users\kulma\libtorch\include\c10\util\MaybeOwned.h(181,57): error C3861: args: идентификатор не найден
  (компиляция исходного файла "ConsoleApplication1.cpp")
      C:\Users\kulma\libtorch\include\c10\util\MaybeOwned.h(180,21):
      Сообщение диагностики возникло в созданной компилятором функции "c10::MaybeOwned<T> c10::MaybeOwned<T>::owned(void)"
  
C:\Users\kulma\libtorch\include\c10\util\MaybeOwned.h(181,57): error C2065: args: необъявленный идентификатор
  (компиляция исходного файла "ConsoleApplication1.cpp")
      C:\Users\kulma\libtorch\include\c10\util\MaybeOwned.h(180,21):
      Сообщение диагностики возникло в созданной компилятором функции "c10::MaybeOwned<T> c10::MaybeOwned<T>::owned(void)"
  
C:\Users\kulma\libtorch\include\c10\util\intrusive_ptr.h(83,33): warning C4251: "c10::intrusive_ptr_target::refcount_": "std::atomic<unsigned int>" должен иметь dll-интерфейс для использования клиентами "c10::intrusive_ptr_target"
  (компиляция исходного файла "ConsoleApplication1.cpp")
      C:\Program Files\Microsoft Visual Studio\2022\Community\VC\Tools\MSVC\14.41.34120\include\atomic(2154,8):
       см. объявление "std::atomic<unsigned int>"
  
C:\Users\kulma\libtorch\include\c10\util\intrusive_ptr.h(84,33): warning C4251: "c10::intrusive_ptr_target::weakcount_": "std::atomic<unsigned int>" должен иметь dll-интерфейс для использования клиентами "c10::intrusive_ptr_target"
  (компиляция исходного файла "ConsoleApplication1.cpp")
      C:\Program Files\Microsoft Visual Studio\2022\Community\VC\Tools\MSVC\14.41.34120\include\atomic(2154,8):
       см. объявление "std::atomic<unsigned int>"
  
C:\Users\kulma\libtorch\include\c10\util\intrusive_ptr.h(88,42): error C2039: "incref": не является членом "c10::raw::intrusive_ptr".
  (компиляция исходного файла "ConsoleApplication1.cpp")
      C:\Users\kulma\libtorch\include\c10\util\intrusive_ptr.h(21,11):
       см. объявление "c10::raw::intrusive_ptr"
  
C:\Users\kulma\libtorch\include\c10\util\intrusive_ptr.h(92,47): error C2039: "incref": не является членом "c10::raw::weak_intrusive_ptr".
  (компиляция исходного файла "ConsoleApplication1.cpp")
      C:\Users\kulma\libtorch\include\c10\util\intrusive_ptr.h(18,11):
       см. объявление "c10::raw::weak_intrusive_ptr"
  
C:\Users\kulma\libtorch\include\c10\util\intrusive_ptr.h(118,5): error C2059: синтаксическая ошибка: if
  (компиляция исходного файла "ConsoleApplication1.cpp")
  
C:\Users\kulma\libtorch\include\c10\util\intrusive_ptr.h(118,5): error C2334: непредвиденные лексемы перед "{"; пропуск вероятного тела функции
  (компиляция исходного файла "ConsoleApplication1.cpp")
  
C:\Users\kulma\libtorch\include\c10\util\intrusive_ptr.h(133,5): error C2059: синтаксическая ошибка: if
  (компиляция исходного файла "ConsoleApplication1.cpp")
  
C:\Users\kulma\libtorch\include\c10\util\intrusive_ptr.h(133,5): error C2334: непредвиденные лексемы перед "{"; пропуск вероятного тела функции
  (компиляция исходного файла "ConsoleApplication1.cpp")
  
C:\Users\kulma\libtorch\include\c10\util\intrusive_ptr.h(147,75): error C2550: c10::intrusive_ptr_target: список инициализации конструктора должен использоваться только в месте определения конструктора
  (компиляция исходного файла "ConsoleApplication1.cpp")
  
C:\Users\kulma\libtorch\include\c10\util\intrusive_ptr.h(147,13): error C3615: Функция constexpr "c10::intrusive_ptr_target" не может возвращать константное выражение в качестве результата
  (компиляция исходного файла "ConsoleApplication1.cpp")
      C:\Users\kulma\libtorch\include\c10\util\intrusive_ptr.h(147,13):
      сбой, так как тип "c10::intrusive_ptr_target" не является типом литерала
      C:\Users\kulma\libtorch\include\c10\util\intrusive_ptr.h(101,12):
      тип "c10::intrusive_ptr_target" не является типом литерала, так как он содержит пользовательский деструктор
      C:\Users\kulma\libtorch\include\c10\util\intrusive_ptr.h(147,13):
      сбой был вызван достижением конца функции constexpr
  
C:\Users\kulma\libtorch\include\c10\util\intrusive_ptr.h(152,3): error C4430: отсутствует спецификатор типа - предполагается int. Примечание. C++ не поддерживает int по умолчанию
  (компиляция исходного файла "ConsoleApplication1.cpp")
  
C:\Users\kulma\libtorch\include\c10\util\intrusive_ptr.h(152,3): error C2373: c10::intrusive_ptr_target: переопределение; различные модификаторы типа
  (компиляция исходного файла "ConsoleApplication1.cpp")
      C:\Users\kulma\libtorch\include\c10\util\intrusive_ptr.h(147,13):
       см. объявление "c10::intrusive_ptr_target"
  
C:\Users\kulma\libtorch\include\c10\util\intrusive_ptr.h(152,56): error C2059: синтаксическая ошибка: )
  (компиляция исходного файла "ConsoleApplication1.cpp")
  
C:\Users\kulma\libtorch\include\c10\util\intrusive_ptr.h(153,9): error C4430: отсутствует спецификатор типа - предполагается int. Примечание. C++ не поддерживает int по умолчанию
  (компиляция исходного файла "ConsoleApplication1.cpp")
  
C:\Users\kulma\libtorch\include\c10\util\intrusive_ptr.h(153,33): warning C4508: c10::intrusive_ptr_target: функция должна возвращать значение; предполагается возвращаемый тип "void"
  (компиляция исходного файла "ConsoleApplication1.cpp")
  
C:\Users\kulma\libtorch\include\c10\util\intrusive_ptr.h(155,23): error C2143: синтаксическая ошибка: отсутствие ";" перед "&"
  (компиляция исходного файла "ConsoleApplication1.cpp")
  
C:\Users\kulma\libtorch\include\c10\util\intrusive_ptr.h(155,25): error C2473: operator =: выглядит как определение функции, но без списка параметров.
  (компиляция исходного файла "ConsoleApplication1.cpp")
  
C:\Users\kulma\libtorch\include\c10\util\intrusive_ptr.h(155,25): error C4430: отсутствует спецификатор типа - предполагается int. Примечание. C++ не поддерживает int по умолчанию
  (компиляция исходного файла "ConsoleApplication1.cpp")
  
C:\Users\kulma\libtorch\include\c10\util\intrusive_ptr.h(155,67): error C2059: синтаксическая ошибка: )
  (компиляция исходного файла "ConsoleApplication1.cpp")
  
C:\Users\kulma\libtorch\include\c10\util\intrusive_ptr.h(155,78): error C2143: синтаксическая ошибка: отсутствие ";" перед "{"
  (компиляция исходного файла "ConsoleApplication1.cpp")
  
C:\Users\kulma\libtorch\include\c10\util\intrusive_ptr.h(155,78): error C2447: {: отсутствует заголовок функции (возможно, используется формальный список старого типа)
  (компиляция исходного файла "ConsoleApplication1.cpp")
  
C:\Users\kulma\libtorch\include\c10\util\intrusive_ptr.h(159,24): error C4430: отсутствует спецификатор типа - предполагается int. Примечание. C++ не поддерживает int по умолчанию
  (компиляция исходного файла "ConsoleApplication1.cpp")
  
C:\Users\kulma\libtorch\include\c10\util\intrusive_ptr.h(159,50): error C2143: синтаксическая ошибка: отсутствие "," перед "&"
  (компиляция исходного файла "ConsoleApplication1.cpp")
  
C:\Users\kulma\libtorch\include\c10\util\intrusive_ptr.h(159,3): error C4430: отсутствует спецификатор типа - предполагается int. Примечание. C++ не поддерживает int по умолчанию
  (компиляция исходного файла "ConsoleApplication1.cpp")
  
C:\Users\kulma\libtorch\include\c10\util\intrusive_ptr.h(160,32): error C2550: c10::intrusive_ptr_target: список инициализации конструктора должен использоваться только в месте определения конструктора
  (компиляция исходного файла "ConsoleApplication1.cpp")
  
C:\Users\kulma\libtorch\include\c10\util\intrusive_ptr.h(160,33): warning C4508: c10::intrusive_ptr_target: функция должна возвращать значение; предполагается возвращаемый тип "void"
  (компиляция исходного файла "ConsoleApplication1.cpp")
  
C:\Users\kulma\libtorch\include\c10\util\intrusive_ptr.h(162,23): error C2143: синтаксическая ошибка: отсутствие ";" перед "&"
  (компиляция исходного файла "ConsoleApplication1.cpp")
  
C:\Users\kulma\libtorch\include\c10\util\intrusive_ptr.h(163,7): error C4430: отсутствует спецификатор типа - предполагается int. Примечание. C++ не поддерживает int по умолчанию
  (компиляция исходного файла "ConsoleApplication1.cpp")
  
C:\Users\kulma\libtorch\include\c10\util\intrusive_ptr.h(163,33): error C2143: синтаксическая ошибка: отсутствие "," перед "&"
  (компиляция исходного файла "ConsoleApplication1.cpp")
  
C:\Users\kulma\libtorch\include\c10\util\intrusive_ptr.h(163,55): error C2059: синтаксическая ошибка: {
  (компиляция исходного файла "ConsoleApplication1.cpp")
  
C:\Users\kulma\libtorch\include\c10\util\intrusive_ptr.h(163,55): error C2143: синтаксическая ошибка: отсутствие ";" перед "{"
  (компиляция исходного файла "ConsoleApplication1.cpp")
  
C:\Users\kulma\libtorch\include\c10\util\intrusive_ptr.h(163,55): error C2447: {: отсутствует заголовок функции (возможно, используется формальный список старого типа)
  (компиляция исходного файла "ConsoleApplication1.cpp")
  
C:\Users\kulma\libtorch\include\c10\util\intrusive_ptr.h(167,2): error C2059: синтаксическая ошибка: private
  (компиляция исходного файла "ConsoleApplication1.cpp")
  
C:\Users\kulma\libtorch\include\c10\util\intrusive_ptr.h(179,16): error C2575: release_resources: только функции-члены и базовые классы могут быть виртуальными
  (компиляция исходного файла "ConsoleApplication1.cpp")
  
C:\Users\kulma\libtorch\include\c10\util\intrusive_ptr.h(341,43): error C2653: raw: не является именем класса или пространства имен
  (компиляция исходного файла "ConsoleApplication1.cpp")
      C:\Users\kulma\libtorch\include\c10\util\intrusive_ptr.h(341,43):
      контекст создания экземпляра шаблона (сначала самый старый)
          C:\Users\kulma\libtorch\include\c10\util\intrusive_ptr.h(229,7):
          при компиляции шаблона класса "intrusive_ptr"
  
C:\Users\kulma\libtorch\include\c10\util\intrusive_ptr.h(341,48): error C2061: синтаксическая ошибка: идентификатор "DontIncreaseRefcount"
  (компиляция исходного файла "ConsoleApplication1.cpp")
  
C:\Users\kulma\libtorch\include\c10\util\intrusive_ptr.h(341,3): error C2382: intrusive_ptr<TTarget,NullType>::intrusive_ptr: переопределение; разные спецификации исключений
  (компиляция исходного файла "ConsoleApplication1.cpp")
      C:\Users\kulma\libtorch\include\c10\util\intrusive_ptr.h(311,3):
       см. объявление "intrusive_ptr<TTarget,NullType>::intrusive_ptr"
  
C:\Users\kulma\libtorch\include\c10\util\intrusive_ptr.h(312,31): error C2065: raw: необъявленный идентификатор
  (компиляция исходного файла "ConsoleApplication1.cpp")
  
C:\Users\kulma\libtorch\include\c10\util\intrusive_ptr.h(312,56): error C2760: синтаксическая ошибка: непредвиденный элемент "{". Ожидается ")"
  (компиляция исходного файла "ConsoleApplication1.cpp")
  
C:\Users\kulma\libtorch\include\c10\util\intrusive_ptr.h(333,46): error C2065: raw: необъявленный идентификатор
  (компиляция исходного файла "ConsoleApplication1.cpp")
  
C:\Users\kulma\libtorch\include\c10\util\intrusive_ptr.h(333,71): error C2760: синтаксическая ошибка: непредвиденный элемент "{". Ожидается ")"
  (компиляция исходного файла "ConsoleApplication1.cpp")
  
C:\Users\kulma\libtorch\include\c10\util\intrusive_ptr.h(336,46): error C2065: raw: необъявленный идентификатор
  (компиляция исходного файла "ConsoleApplication1.cpp")
  
C:\Users\kulma\libtorch\include\c10\util\intrusive_ptr.h(336,71): error C2760: синтаксическая ошибка: непредвиденный элемент "{". Ожидается ")"
  (компиляция исходного файла "ConsoleApplication1.cpp")
  
C:\Users\kulma\libtorch\include\c10\util\intrusive_ptr.h(336,71): error C1003: число ошибок превышает 100; остановка компиляции
  (компиляция исходного файла "ConsoleApplication1.cpp")
  
